{"D:\\code\\medi\\medi\\src\\App.tsx": {"path":"D:\\code\\medi\\medi\\src\\App.tsx","all":false,"statementMap":{"0":{"start":{"line":1,"column":0},"end":{"line":1,"column":27}},"1":{"start":{"line":2,"column":0},"end":{"line":2,"column":28}},"2":{"start":{"line":3,"column":0},"end":{"line":3,"column":29}},"3":{"start":{"line":4,"column":0},"end":{"line":4,"column":43}},"4":{"start":{"line":5,"column":0},"end":{"line":5,"column":42}},"5":{"start":{"line":6,"column":0},"end":{"line":6,"column":44}},"6":{"start":{"line":7,"column":0},"end":{"line":7,"column":111}},"7":{"start":{"line":8,"column":0},"end":{"line":8,"column":49}},"8":{"start":{"line":9,"column":0},"end":{"line":9,"column":43}},"9":{"start":{"line":10,"column":0},"end":{"line":10,"column":53}},"10":{"start":{"line":11,"column":0},"end":{"line":11,"column":39}},"11":{"start":{"line":12,"column":0},"end":{"line":12,"column":53}},"12":{"start":{"line":13,"column":0},"end":{"line":13,"column":47}},"13":{"start":{"line":14,"column":0},"end":{"line":14,"column":67}},"14":{"start":{"line":15,"column":0},"end":{"line":15,"column":23}},"15":{"start":{"line":16,"column":0},"end":{"line":16,"column":74}},"16":{"start":{"line":17,"column":0},"end":{"line":17,"column":61}},"17":{"start":{"line":18,"column":0},"end":{"line":18,"column":65}},"18":{"start":{"line":19,"column":0},"end":{"line":19,"column":57}},"19":{"start":{"line":20,"column":0},"end":{"line":20,"column":60}},"20":{"start":{"line":21,"column":0},"end":{"line":21,"column":25}},"21":{"start":{"line":22,"column":0},"end":{"line":22,"column":24}},"22":{"start":{"line":23,"column":0},"end":{"line":23,"column":24}},"23":{"start":{"line":24,"column":0},"end":{"line":24,"column":30}},"24":{"start":{"line":25,"column":0},"end":{"line":25,"column":4}},"25":{"start":{"line":26,"column":0},"end":{"line":26,"column":65}},"26":{"start":{"line":27,"column":0},"end":{"line":27,"column":5}},"27":{"start":{"line":28,"column":0},"end":{"line":28,"column":29}},"28":{"start":{"line":29,"column":0},"end":{"line":29,"column":16}},"29":{"start":{"line":30,"column":0},"end":{"line":30,"column":16}},"30":{"start":{"line":31,"column":0},"end":{"line":31,"column":14}},"31":{"start":{"line":32,"column":0},"end":{"line":32,"column":27}},"32":{"start":{"line":33,"column":0},"end":{"line":33,"column":5}},"33":{"start":{"line":34,"column":0},"end":{"line":34,"column":3}},"34":{"start":{"line":35,"column":0},"end":{"line":35,"column":100}},"35":{"start":{"line":36,"column":0},"end":{"line":36,"column":47}},"36":{"start":{"line":37,"column":0},"end":{"line":37,"column":33}},"37":{"start":{"line":38,"column":0},"end":{"line":38,"column":12}},"38":{"start":{"line":39,"column":0},"end":{"line":39,"column":5}},"39":{"start":{"line":40,"column":0},"end":{"line":40,"column":26}},"40":{"start":{"line":41,"column":0},"end":{"line":41,"column":3}},"41":{"start":{"line":42,"column":0},"end":{"line":42,"column":35}},"42":{"start":{"line":43,"column":0},"end":{"line":43,"column":20}},"43":{"start":{"line":44,"column":0},"end":{"line":44,"column":7}},"44":{"start":{"line":45,"column":0},"end":{"line":45,"column":31}},"45":{"start":{"line":46,"column":0},"end":{"line":46,"column":18}},"46":{"start":{"line":47,"column":0},"end":{"line":47,"column":18}},"47":{"start":{"line":48,"column":0},"end":{"line":48,"column":16}},"48":{"start":{"line":49,"column":0},"end":{"line":49,"column":29}},"49":{"start":{"line":50,"column":0},"end":{"line":50,"column":8}},"50":{"start":{"line":51,"column":0},"end":{"line":51,"column":3}},"51":{"start":{"line":52,"column":0},"end":{"line":52,"column":55}},"52":{"start":{"line":53,"column":0},"end":{"line":53,"column":33}},"53":{"start":{"line":54,"column":0},"end":{"line":54,"column":3}},"54":{"start":{"line":55,"column":0},"end":{"line":55,"column":55}},"55":{"start":{"line":56,"column":0},"end":{"line":56,"column":32}},"56":{"start":{"line":57,"column":0},"end":{"line":57,"column":37}},"57":{"start":{"line":58,"column":0},"end":{"line":58,"column":18}},"58":{"start":{"line":59,"column":0},"end":{"line":59,"column":29}},"59":{"start":{"line":60,"column":0},"end":{"line":60,"column":14}},"60":{"start":{"line":61,"column":0},"end":{"line":61,"column":17}},"61":{"start":{"line":62,"column":0},"end":{"line":62,"column":30}},"62":{"start":{"line":63,"column":0},"end":{"line":63,"column":14}},"63":{"start":{"line":64,"column":0},"end":{"line":64,"column":18}},"64":{"start":{"line":65,"column":0},"end":{"line":65,"column":30}},"65":{"start":{"line":66,"column":0},"end":{"line":66,"column":14}},"66":{"start":{"line":67,"column":0},"end":{"line":67,"column":5}},"67":{"start":{"line":68,"column":0},"end":{"line":68,"column":18}},"68":{"start":{"line":69,"column":0},"end":{"line":69,"column":27}},"69":{"start":{"line":70,"column":0},"end":{"line":70,"column":26}},"70":{"start":{"line":71,"column":0},"end":{"line":71,"column":26}},"71":{"start":{"line":72,"column":0},"end":{"line":72,"column":31}},"72":{"start":{"line":73,"column":0},"end":{"line":73,"column":19}},"73":{"start":{"line":74,"column":0},"end":{"line":74,"column":36}},"74":{"start":{"line":75,"column":0},"end":{"line":75,"column":19}},"75":{"start":{"line":76,"column":0},"end":{"line":76,"column":13}},"76":{"start":{"line":77,"column":0},"end":{"line":77,"column":6}},"77":{"start":{"line":78,"column":0},"end":{"line":78,"column":3}},"78":{"start":{"line":79,"column":0},"end":{"line":79,"column":41}},"79":{"start":{"line":80,"column":0},"end":{"line":80,"column":47}},"80":{"start":{"line":81,"column":0},"end":{"line":81,"column":53}},"81":{"start":{"line":82,"column":0},"end":{"line":82,"column":0}},"82":{"start":{"line":83,"column":0},"end":{"line":83,"column":52}},"83":{"start":{"line":84,"column":0},"end":{"line":84,"column":48}},"84":{"start":{"line":85,"column":0},"end":{"line":85,"column":58}},"85":{"start":{"line":86,"column":0},"end":{"line":86,"column":63}},"86":{"start":{"line":87,"column":0},"end":{"line":87,"column":44}},"87":{"start":{"line":88,"column":0},"end":{"line":88,"column":60}},"88":{"start":{"line":89,"column":0},"end":{"line":89,"column":39}},"89":{"start":{"line":90,"column":0},"end":{"line":90,"column":12}},"90":{"start":{"line":91,"column":0},"end":{"line":91,"column":5}},"91":{"start":{"line":92,"column":0},"end":{"line":92,"column":43}},"92":{"start":{"line":93,"column":0},"end":{"line":93,"column":33}},"93":{"start":{"line":94,"column":0},"end":{"line":94,"column":28}},"94":{"start":{"line":95,"column":0},"end":{"line":95,"column":80}},"95":{"start":{"line":96,"column":0},"end":{"line":96,"column":7}},"96":{"start":{"line":97,"column":0},"end":{"line":97,"column":0}},"97":{"start":{"line":98,"column":0},"end":{"line":98,"column":33}},"98":{"start":{"line":99,"column":0},"end":{"line":99,"column":28}},"99":{"start":{"line":100,"column":0},"end":{"line":100,"column":51}},"100":{"start":{"line":101,"column":0},"end":{"line":101,"column":99}},"101":{"start":{"line":102,"column":0},"end":{"line":102,"column":39}},"102":{"start":{"line":103,"column":0},"end":{"line":103,"column":63}},"103":{"start":{"line":104,"column":0},"end":{"line":104,"column":37}},"104":{"start":{"line":105,"column":0},"end":{"line":105,"column":61}},"105":{"start":{"line":106,"column":0},"end":{"line":106,"column":9}},"106":{"start":{"line":107,"column":0},"end":{"line":107,"column":7}},"107":{"start":{"line":108,"column":0},"end":{"line":108,"column":49}},"108":{"start":{"line":109,"column":0},"end":{"line":109,"column":6}},"109":{"start":{"line":110,"column":0},"end":{"line":110,"column":0}},"110":{"start":{"line":111,"column":0},"end":{"line":111,"column":37}},"111":{"start":{"line":112,"column":0},"end":{"line":112,"column":3}},"112":{"start":{"line":113,"column":0},"end":{"line":113,"column":60}},"113":{"start":{"line":114,"column":0},"end":{"line":114,"column":80}},"114":{"start":{"line":115,"column":0},"end":{"line":115,"column":22}},"115":{"start":{"line":116,"column":0},"end":{"line":116,"column":56}},"116":{"start":{"line":117,"column":0},"end":{"line":117,"column":33}},"117":{"start":{"line":118,"column":0},"end":{"line":118,"column":12}},"118":{"start":{"line":119,"column":0},"end":{"line":119,"column":5}},"119":{"start":{"line":120,"column":0},"end":{"line":120,"column":64}},"120":{"start":{"line":121,"column":0},"end":{"line":121,"column":23}},"121":{"start":{"line":122,"column":0},"end":{"line":122,"column":77}},"122":{"start":{"line":123,"column":0},"end":{"line":123,"column":33}},"123":{"start":{"line":124,"column":0},"end":{"line":124,"column":12}},"124":{"start":{"line":125,"column":0},"end":{"line":125,"column":5}},"125":{"start":{"line":126,"column":0},"end":{"line":126,"column":78}},"126":{"start":{"line":127,"column":0},"end":{"line":127,"column":18}},"127":{"start":{"line":128,"column":0},"end":{"line":128,"column":12}},"128":{"start":{"line":129,"column":0},"end":{"line":129,"column":5}},"129":{"start":{"line":130,"column":0},"end":{"line":130,"column":42}},"130":{"start":{"line":131,"column":0},"end":{"line":131,"column":31}},"131":{"start":{"line":132,"column":0},"end":{"line":132,"column":68}},"132":{"start":{"line":133,"column":0},"end":{"line":133,"column":33}},"133":{"start":{"line":134,"column":0},"end":{"line":134,"column":3}},"134":{"start":{"line":135,"column":0},"end":{"line":135,"column":19}},"135":{"start":{"line":136,"column":0},"end":{"line":136,"column":58}},"136":{"start":{"line":137,"column":0},"end":{"line":137,"column":40}},"137":{"start":{"line":138,"column":0},"end":{"line":138,"column":28}},"138":{"start":{"line":139,"column":0},"end":{"line":139,"column":26}},"139":{"start":{"line":140,"column":0},"end":{"line":140,"column":5}},"140":{"start":{"line":141,"column":0},"end":{"line":141,"column":12}},"141":{"start":{"line":142,"column":0},"end":{"line":142,"column":19}},"142":{"start":{"line":143,"column":0},"end":{"line":143,"column":29}},"143":{"start":{"line":144,"column":0},"end":{"line":144,"column":24}},"144":{"start":{"line":145,"column":0},"end":{"line":145,"column":20}},"145":{"start":{"line":146,"column":0},"end":{"line":146,"column":19}},"146":{"start":{"line":147,"column":0},"end":{"line":147,"column":44}},"147":{"start":{"line":148,"column":0},"end":{"line":148,"column":18}},"148":{"start":{"line":149,"column":0},"end":{"line":149,"column":10}},"149":{"start":{"line":150,"column":0},"end":{"line":150,"column":25}},"150":{"start":{"line":151,"column":0},"end":{"line":151,"column":37}},"151":{"start":{"line":152,"column":0},"end":{"line":152,"column":98}},"152":{"start":{"line":153,"column":0},"end":{"line":153,"column":38}},"153":{"start":{"line":154,"column":0},"end":{"line":154,"column":42}},"154":{"start":{"line":155,"column":0},"end":{"line":155,"column":29}},"155":{"start":{"line":156,"column":0},"end":{"line":156,"column":57}},"156":{"start":{"line":157,"column":0},"end":{"line":157,"column":118}},"157":{"start":{"line":158,"column":0},"end":{"line":158,"column":39}},"158":{"start":{"line":159,"column":0},"end":{"line":159,"column":61}},"159":{"start":{"line":160,"column":0},"end":{"line":160,"column":21}},"160":{"start":{"line":161,"column":0},"end":{"line":161,"column":17}},"161":{"start":{"line":162,"column":0},"end":{"line":162,"column":57}},"162":{"start":{"line":163,"column":0},"end":{"line":163,"column":117}},"163":{"start":{"line":164,"column":0},"end":{"line":164,"column":39}},"164":{"start":{"line":165,"column":0},"end":{"line":165,"column":60}},"165":{"start":{"line":166,"column":0},"end":{"line":166,"column":21}},"166":{"start":{"line":167,"column":0},"end":{"line":167,"column":17}},"167":{"start":{"line":168,"column":0},"end":{"line":168,"column":57}},"168":{"start":{"line":169,"column":0},"end":{"line":169,"column":117}},"169":{"start":{"line":170,"column":0},"end":{"line":170,"column":38}},"170":{"start":{"line":171,"column":0},"end":{"line":171,"column":60}},"171":{"start":{"line":172,"column":0},"end":{"line":172,"column":21}},"172":{"start":{"line":173,"column":0},"end":{"line":173,"column":17}},"173":{"start":{"line":174,"column":0},"end":{"line":174,"column":57}},"174":{"start":{"line":175,"column":0},"end":{"line":175,"column":123}},"175":{"start":{"line":176,"column":0},"end":{"line":176,"column":25}},"176":{"start":{"line":177,"column":0},"end":{"line":177,"column":66}},"177":{"start":{"line":178,"column":0},"end":{"line":178,"column":21}},"178":{"start":{"line":179,"column":0},"end":{"line":179,"column":17}},"179":{"start":{"line":180,"column":0},"end":{"line":180,"column":14}},"180":{"start":{"line":181,"column":0},"end":{"line":181,"column":73}},"181":{"start":{"line":182,"column":0},"end":{"line":182,"column":118}},"182":{"start":{"line":183,"column":0},"end":{"line":183,"column":16}},"183":{"start":{"line":184,"column":0},"end":{"line":184,"column":10}},"184":{"start":{"line":185,"column":0},"end":{"line":185,"column":3}},"185":{"start":{"line":186,"column":0},"end":{"line":186,"column":1}},"186":{"start":{"line":187,"column":0},"end":{"line":187,"column":0}},"187":{"start":{"line":188,"column":0},"end":{"line":188,"column":18}}},"s":{"0":1,"1":1,"2":1,"3":1,"4":1,"5":1,"6":1,"7":1,"8":1,"9":1,"10":1,"11":1,"12":1,"13":1,"14":1,"15":44,"16":44,"17":44,"18":44,"19":44,"20":44,"21":44,"22":44,"23":44,"24":44,"25":44,"26":44,"27":44,"28":44,"29":44,"30":44,"31":44,"32":44,"33":44,"34":44,"35":44,"36":2,"37":0,"38":0,"39":2,"40":2,"41":44,"42":2,"43":2,"44":2,"45":2,"46":2,"47":2,"48":2,"49":2,"50":2,"51":44,"52":3,"53":3,"54":44,"55":6,"56":6,"57":6,"58":2,"59":2,"60":6,"61":2,"62":2,"63":6,"64":2,"65":2,"66":6,"67":6,"68":6,"69":6,"70":6,"71":6,"72":6,"73":6,"74":6,"75":6,"76":6,"77":6,"78":44,"79":10,"80":10,"81":10,"82":10,"83":10,"84":10,"85":2,"86":2,"87":10,"88":7,"89":7,"90":7,"91":3,"92":57,"93":57,"94":19,"95":19,"96":57,"97":57,"98":57,"99":38,"100":19,"101":19,"102":19,"103":19,"104":0,"105":0,"106":38,"107":57,"108":3,"109":3,"110":3,"111":10,"112":44,"113":21,"114":21,"115":17,"116":17,"117":17,"118":17,"119":4,"120":21,"121":0,"122":0,"123":0,"124":0,"125":4,"126":21,"127":0,"128":0,"129":4,"130":4,"131":4,"132":4,"133":21,"134":44,"135":10,"136":5,"137":5,"138":5,"139":5,"140":44,"141":44,"142":10,"143":10,"144":44,"145":44,"146":11,"147":44,"148":44,"149":44,"150":44,"151":44,"152":44,"153":44,"154":44,"155":44,"156":44,"157":44,"158":44,"159":44,"160":44,"161":44,"162":44,"163":44,"164":44,"165":44,"166":44,"167":44,"168":44,"169":44,"170":44,"171":44,"172":44,"173":44,"174":44,"175":44,"176":44,"177":44,"178":44,"179":44,"180":44,"181":44,"182":44,"183":44,"184":44,"185":5,"186":1,"187":1},"branchMap":{"0":{"type":"branch","line":15,"loc":{"start":{"line":15,"column":7},"end":{"line":186,"column":1}},"locations":[{"start":{"line":15,"column":7},"end":{"line":186,"column":1}}]},"1":{"type":"branch","line":35,"loc":{"start":{"line":35,"column":56},"end":{"line":35,"column":64}},"locations":[{"start":{"line":35,"column":56},"end":{"line":35,"column":64}}]},"2":{"type":"branch","line":35,"loc":{"start":{"line":35,"column":60},"end":{"line":35,"column":87}},"locations":[{"start":{"line":35,"column":60},"end":{"line":35,"column":87}}]},"3":{"type":"branch","line":36,"loc":{"start":{"line":36,"column":29},"end":{"line":41,"column":3}},"locations":[{"start":{"line":36,"column":29},"end":{"line":41,"column":3}}]},"4":{"type":"branch","line":37,"loc":{"start":{"line":37,"column":32},"end":{"line":39,"column":5}},"locations":[{"start":{"line":37,"column":32},"end":{"line":39,"column":5}}]},"5":{"type":"branch","line":42,"loc":{"start":{"line":42,"column":28},"end":{"line":51,"column":3}},"locations":[{"start":{"line":42,"column":28},"end":{"line":51,"column":3}}]},"6":{"type":"branch","line":52,"loc":{"start":{"line":52,"column":29},"end":{"line":54,"column":3}},"locations":[{"start":{"line":52,"column":29},"end":{"line":54,"column":3}}]},"7":{"type":"branch","line":55,"loc":{"start":{"line":55,"column":26},"end":{"line":78,"column":3}},"locations":[{"start":{"line":55,"column":26},"end":{"line":78,"column":3}}]},"8":{"type":"branch","line":58,"loc":{"start":{"line":58,"column":6},"end":{"line":60,"column":14}},"locations":[{"start":{"line":58,"column":6},"end":{"line":60,"column":14}}]},"9":{"type":"branch","line":61,"loc":{"start":{"line":61,"column":6},"end":{"line":63,"column":14}},"locations":[{"start":{"line":61,"column":6},"end":{"line":63,"column":14}}]},"10":{"type":"branch","line":64,"loc":{"start":{"line":64,"column":6},"end":{"line":66,"column":14}},"locations":[{"start":{"line":64,"column":6},"end":{"line":66,"column":14}}]},"11":{"type":"branch","line":79,"loc":{"start":{"line":79,"column":34},"end":{"line":112,"column":3}},"locations":[{"start":{"line":79,"column":34},"end":{"line":112,"column":3}}]},"12":{"type":"branch","line":85,"loc":{"start":{"line":85,"column":41},"end":{"line":86,"column":63}},"locations":[{"start":{"line":85,"column":41},"end":{"line":86,"column":63}}]},"13":{"type":"branch","line":86,"loc":{"start":{"line":86,"column":30},"end":{"line":86,"column":63}},"locations":[{"start":{"line":86,"column":30},"end":{"line":86,"column":63}}]},"14":{"type":"branch","line":86,"loc":{"start":{"line":86,"column":57},"end":{"line":87,"column":44}},"locations":[{"start":{"line":86,"column":57},"end":{"line":87,"column":44}}]},"15":{"type":"branch","line":87,"loc":{"start":{"line":87,"column":23},"end":{"line":87,"column":44}},"locations":[{"start":{"line":87,"column":23},"end":{"line":87,"column":44}}]},"16":{"type":"branch","line":88,"loc":{"start":{"line":88,"column":9},"end":{"line":88,"column":46}},"locations":[{"start":{"line":88,"column":9},"end":{"line":88,"column":46}}]},"17":{"type":"branch","line":88,"loc":{"start":{"line":88,"column":46},"end":{"line":91,"column":5}},"locations":[{"start":{"line":88,"column":46},"end":{"line":91,"column":5}}]},"18":{"type":"branch","line":91,"loc":{"start":{"line":91,"column":4},"end":{"line":111,"column":37}},"locations":[{"start":{"line":91,"column":4},"end":{"line":111,"column":37}}]},"19":{"type":"branch","line":92,"loc":{"start":{"line":92,"column":35},"end":{"line":109,"column":5}},"locations":[{"start":{"line":92,"column":35},"end":{"line":109,"column":5}}]},"20":{"type":"branch","line":94,"loc":{"start":{"line":94,"column":27},"end":{"line":96,"column":7}},"locations":[{"start":{"line":94,"column":27},"end":{"line":96,"column":7}}]},"21":{"type":"branch","line":99,"loc":{"start":{"line":99,"column":27},"end":{"line":107,"column":7}},"locations":[{"start":{"line":99,"column":27},"end":{"line":107,"column":7}}]},"22":{"type":"branch","line":100,"loc":{"start":{"line":100,"column":50},"end":{"line":106,"column":9}},"locations":[{"start":{"line":100,"column":50},"end":{"line":106,"column":9}}]},"23":{"type":"branch","line":101,"loc":{"start":{"line":101,"column":46},"end":{"line":101,"column":99}},"locations":[{"start":{"line":101,"column":46},"end":{"line":101,"column":99}}]},"24":{"type":"branch","line":104,"loc":{"start":{"line":104,"column":8},"end":{"line":106,"column":9}},"locations":[{"start":{"line":104,"column":8},"end":{"line":106,"column":9}}]},"25":{"type":"branch","line":108,"loc":{"start":{"line":108,"column":13},"end":{"line":108,"column":49}},"locations":[{"start":{"line":108,"column":13},"end":{"line":108,"column":49}}]},"26":{"type":"branch","line":113,"loc":{"start":{"line":113,"column":32},"end":{"line":134,"column":3}},"locations":[{"start":{"line":113,"column":32},"end":{"line":134,"column":3}}]},"27":{"type":"branch","line":115,"loc":{"start":{"line":115,"column":21},"end":{"line":119,"column":5}},"locations":[{"start":{"line":115,"column":21},"end":{"line":119,"column":5}}]},"28":{"type":"branch","line":119,"loc":{"start":{"line":119,"column":4},"end":{"line":121,"column":22}},"locations":[{"start":{"line":119,"column":4},"end":{"line":121,"column":22}}]},"29":{"type":"branch","line":121,"loc":{"start":{"line":121,"column":22},"end":{"line":125,"column":5}},"locations":[{"start":{"line":121,"column":22},"end":{"line":125,"column":5}}]},"30":{"type":"branch","line":125,"loc":{"start":{"line":125,"column":4},"end":{"line":127,"column":17}},"locations":[{"start":{"line":125,"column":4},"end":{"line":127,"column":17}}]},"31":{"type":"branch","line":127,"loc":{"start":{"line":127,"column":17},"end":{"line":129,"column":5}},"locations":[{"start":{"line":127,"column":17},"end":{"line":129,"column":5}}]},"32":{"type":"branch","line":129,"loc":{"start":{"line":129,"column":4},"end":{"line":133,"column":33}},"locations":[{"start":{"line":129,"column":4},"end":{"line":133,"column":33}}]},"33":{"type":"branch","line":114,"loc":{"start":{"line":114,"column":56},"end":{"line":114,"column":79}},"locations":[{"start":{"line":114,"column":56},"end":{"line":114,"column":79}}]},"34":{"type":"branch","line":116,"loc":{"start":{"line":116,"column":22},"end":{"line":116,"column":55}},"locations":[{"start":{"line":116,"column":22},"end":{"line":116,"column":55}}]},"35":{"type":"branch","line":126,"loc":{"start":{"line":126,"column":51},"end":{"line":126,"column":77}},"locations":[{"start":{"line":126,"column":51},"end":{"line":126,"column":77}}]},"36":{"type":"branch","line":135,"loc":{"start":{"line":135,"column":12},"end":{"line":141,"column":5}},"locations":[{"start":{"line":135,"column":12},"end":{"line":141,"column":5}}]},"37":{"type":"branch","line":136,"loc":{"start":{"line":136,"column":18},"end":{"line":136,"column":57}},"locations":[{"start":{"line":136,"column":18},"end":{"line":136,"column":57}}]},"38":{"type":"branch","line":136,"loc":{"start":{"line":136,"column":57},"end":{"line":140,"column":5}},"locations":[{"start":{"line":136,"column":57},"end":{"line":140,"column":5}}]},"39":{"type":"branch","line":142,"loc":{"start":{"line":142,"column":12},"end":{"line":145,"column":5}},"locations":[{"start":{"line":142,"column":12},"end":{"line":145,"column":5}}]},"40":{"type":"branch","line":146,"loc":{"start":{"line":146,"column":12},"end":{"line":148,"column":5}},"locations":[{"start":{"line":146,"column":12},"end":{"line":148,"column":5}}]},"41":{"type":"branch","line":157,"loc":{"start":{"line":157,"column":79},"end":{"line":157,"column":118}},"locations":[{"start":{"line":157,"column":79},"end":{"line":157,"column":118}}]},"42":{"type":"branch","line":186,"loc":{"start":{"line":186,"column":0},"end":{"line":186,"column":1}},"locations":[{"start":{"line":186,"column":0},"end":{"line":186,"column":1}}]}},"b":{"0":[44],"1":[17],"2":[27],"3":[2],"4":[0],"5":[2],"6":[3],"7":[6],"8":[2],"9":[2],"10":[2],"11":[10],"12":[2],"13":[0],"14":[2],"15":[0],"16":[8],"17":[7],"18":[3],"19":[57],"20":[19],"21":[38],"22":[19],"23":[13],"24":[0],"25":[33],"26":[21],"27":[17],"28":[4],"29":[0],"30":[4],"31":[0],"32":[4],"33":[72],"34":[162],"35":[4],"36":[10],"37":[5],"38":[5],"39":[10],"40":[11],"41":[6],"42":[5]},"fnMap":{"0":{"name":"App","decl":{"start":{"line":15,"column":7},"end":{"line":186,"column":1}},"loc":{"start":{"line":15,"column":7},"end":{"line":186,"column":1}},"line":15},"1":{"name":"handleClickPageNum","decl":{"start":{"line":36,"column":29},"end":{"line":41,"column":3}},"loc":{"start":{"line":36,"column":29},"end":{"line":41,"column":3}},"line":36},"2":{"name":"handleClearSearch","decl":{"start":{"line":42,"column":28},"end":{"line":51,"column":3}},"loc":{"start":{"line":42,"column":28},"end":{"line":51,"column":3}},"line":42},"3":{"name":"handleSubmitSearch","decl":{"start":{"line":52,"column":29},"end":{"line":54,"column":3}},"loc":{"start":{"line":52,"column":29},"end":{"line":54,"column":3}},"line":52},"4":{"name":"handleClickSort","decl":{"start":{"line":55,"column":26},"end":{"line":78,"column":3}},"loc":{"start":{"line":55,"column":26},"end":{"line":78,"column":3}},"line":55},"5":{"name":"setFilteredDataBySearch","decl":{"start":{"line":79,"column":34},"end":{"line":112,"column":3}},"loc":{"start":{"line":79,"column":34},"end":{"line":112,"column":3}},"line":79},"6":{"name":"setFilteredDataBySort","decl":{"start":{"line":113,"column":32},"end":{"line":134,"column":3}},"loc":{"start":{"line":113,"column":32},"end":{"line":134,"column":3}},"line":113},"7":{"name":"onClick","decl":{"start":{"line":157,"column":79},"end":{"line":157,"column":118}},"loc":{"start":{"line":157,"column":79},"end":{"line":157,"column":118}},"line":157},"8":{"name":"onClick","decl":{"start":{"line":163,"column":79},"end":{"line":163,"column":117}},"loc":{"start":{"line":163,"column":79},"end":{"line":163,"column":117}},"line":163},"9":{"name":"onClick","decl":{"start":{"line":169,"column":79},"end":{"line":169,"column":117}},"loc":{"start":{"line":169,"column":79},"end":{"line":169,"column":117}},"line":169},"10":{"name":"onClick","decl":{"start":{"line":175,"column":79},"end":{"line":175,"column":123}},"loc":{"start":{"line":175,"column":79},"end":{"line":175,"column":123}},"line":175},"11":{"name":"get","decl":{"start":{"line":186,"column":0},"end":{"line":186,"column":1}},"loc":{"start":{"line":186,"column":0},"end":{"line":186,"column":1}},"line":186}},"f":{"0":44,"1":2,"2":2,"3":3,"4":6,"5":10,"6":21,"7":6,"8":0,"9":0,"10":0,"11":5}}
,"D:\\code\\medi\\medi\\src\\utils.ts": {"path":"D:\\code\\medi\\medi\\src\\utils.ts","all":false,"statementMap":{"0":{"start":{"line":1,"column":0},"end":{"line":1,"column":71}},"1":{"start":{"line":2,"column":0},"end":{"line":2,"column":0}},"2":{"start":{"line":3,"column":0},"end":{"line":3,"column":55}},"3":{"start":{"line":4,"column":0},"end":{"line":4,"column":19}},"4":{"start":{"line":5,"column":0},"end":{"line":5,"column":43}},"5":{"start":{"line":6,"column":0},"end":{"line":6,"column":20}},"6":{"start":{"line":7,"column":0},"end":{"line":7,"column":16}},"7":{"start":{"line":8,"column":0},"end":{"line":8,"column":24}},"8":{"start":{"line":9,"column":0},"end":{"line":9,"column":44}},"9":{"start":{"line":10,"column":0},"end":{"line":10,"column":49}},"10":{"start":{"line":11,"column":0},"end":{"line":11,"column":49}},"11":{"start":{"line":12,"column":0},"end":{"line":12,"column":65}},"12":{"start":{"line":13,"column":0},"end":{"line":13,"column":9}},"13":{"start":{"line":14,"column":0},"end":{"line":14,"column":19}},"14":{"start":{"line":15,"column":0},"end":{"line":15,"column":15}},"15":{"start":{"line":16,"column":0},"end":{"line":16,"column":1}},"16":{"start":{"line":17,"column":0},"end":{"line":17,"column":0}},"17":{"start":{"line":18,"column":0},"end":{"line":18,"column":70}},"18":{"start":{"line":19,"column":0},"end":{"line":19,"column":26}},"19":{"start":{"line":20,"column":0},"end":{"line":20,"column":30}},"20":{"start":{"line":21,"column":0},"end":{"line":21,"column":35}},"21":{"start":{"line":22,"column":0},"end":{"line":22,"column":66}},"22":{"start":{"line":23,"column":0},"end":{"line":23,"column":10}},"23":{"start":{"line":24,"column":0},"end":{"line":24,"column":38}},"24":{"start":{"line":25,"column":0},"end":{"line":25,"column":35}},"25":{"start":{"line":26,"column":0},"end":{"line":26,"column":66}},"26":{"start":{"line":27,"column":0},"end":{"line":27,"column":10}},"27":{"start":{"line":28,"column":0},"end":{"line":28,"column":5}},"28":{"start":{"line":29,"column":0},"end":{"line":29,"column":15}},"29":{"start":{"line":30,"column":0},"end":{"line":30,"column":1}},"30":{"start":{"line":31,"column":0},"end":{"line":31,"column":92}},"31":{"start":{"line":32,"column":0},"end":{"line":32,"column":26}},"32":{"start":{"line":33,"column":0},"end":{"line":33,"column":31}},"33":{"start":{"line":34,"column":0},"end":{"line":34,"column":46}},"34":{"start":{"line":35,"column":0},"end":{"line":35,"column":46}},"35":{"start":{"line":36,"column":0},"end":{"line":36,"column":34}},"36":{"start":{"line":37,"column":0},"end":{"line":37,"column":49}},"37":{"start":{"line":38,"column":0},"end":{"line":38,"column":16}},"38":{"start":{"line":39,"column":0},"end":{"line":39,"column":49}},"39":{"start":{"line":40,"column":0},"end":{"line":40,"column":9}},"40":{"start":{"line":41,"column":0},"end":{"line":41,"column":6}},"41":{"start":{"line":42,"column":0},"end":{"line":42,"column":15}},"42":{"start":{"line":43,"column":0},"end":{"line":43,"column":1}}},"s":{"0":1,"1":1,"2":1,"3":8,"4":8,"5":305,"6":305,"7":305,"8":305,"9":305,"10":305,"11":305,"12":305,"13":8,"14":8,"15":8,"16":1,"17":1,"18":0,"19":0,"20":0,"21":0,"22":0,"23":0,"24":0,"25":0,"26":0,"27":0,"28":0,"29":0,"30":1,"31":9,"32":9,"33":461,"34":461,"35":461,"36":285,"37":461,"38":176,"39":176,"40":9,"41":9,"42":9},"branchMap":{"0":{"type":"branch","line":3,"loc":{"start":{"line":3,"column":54},"end":{"line":16,"column":1}},"locations":[{"start":{"line":3,"column":54},"end":{"line":16,"column":1}}]},"1":{"type":"branch","line":5,"loc":{"start":{"line":5,"column":34},"end":{"line":14,"column":5}},"locations":[{"start":{"line":5,"column":34},"end":{"line":14,"column":5}}]},"2":{"type":"branch","line":16,"loc":{"start":{"line":16,"column":0},"end":{"line":16,"column":1}},"locations":[{"start":{"line":16,"column":0},"end":{"line":16,"column":1}}]},"3":{"type":"branch","line":31,"loc":{"start":{"line":31,"column":28},"end":{"line":43,"column":1}},"locations":[{"start":{"line":31,"column":28},"end":{"line":43,"column":1}}]},"4":{"type":"branch","line":33,"loc":{"start":{"line":33,"column":14},"end":{"line":41,"column":5}},"locations":[{"start":{"line":33,"column":14},"end":{"line":41,"column":5}}]},"5":{"type":"branch","line":36,"loc":{"start":{"line":36,"column":33},"end":{"line":38,"column":15}},"locations":[{"start":{"line":36,"column":33},"end":{"line":38,"column":15}}]},"6":{"type":"branch","line":38,"loc":{"start":{"line":38,"column":8},"end":{"line":40,"column":9}},"locations":[{"start":{"line":38,"column":8},"end":{"line":40,"column":9}}]},"7":{"type":"branch","line":43,"loc":{"start":{"line":43,"column":0},"end":{"line":43,"column":1}},"locations":[{"start":{"line":43,"column":0},"end":{"line":43,"column":1}}]}},"b":{"0":[8],"1":[305],"2":[8],"3":[9],"4":[461],"5":[285],"6":[176],"7":[9]},"fnMap":{"0":{"name":"transResToData","decl":{"start":{"line":3,"column":54},"end":{"line":16,"column":1}},"loc":{"start":{"line":3,"column":54},"end":{"line":16,"column":1}},"line":3},"1":{"name":"get","decl":{"start":{"line":16,"column":0},"end":{"line":16,"column":1}},"loc":{"start":{"line":16,"column":0},"end":{"line":16,"column":1}},"line":16},"2":{"name":"sortByDate","decl":{"start":{"line":18,"column":26},"end":{"line":30,"column":1}},"loc":{"start":{"line":18,"column":26},"end":{"line":30,"column":1}},"line":18},"3":{"name":"get","decl":{"start":{"line":30,"column":0},"end":{"line":30,"column":1}},"loc":{"start":{"line":30,"column":0},"end":{"line":30,"column":1}},"line":30},"4":{"name":"sortByColumn","decl":{"start":{"line":31,"column":28},"end":{"line":43,"column":1}},"loc":{"start":{"line":31,"column":28},"end":{"line":43,"column":1}},"line":31},"5":{"name":"get","decl":{"start":{"line":43,"column":0},"end":{"line":43,"column":1}},"loc":{"start":{"line":43,"column":0},"end":{"line":43,"column":1}},"line":43}},"f":{"0":8,"1":8,"2":0,"3":0,"4":9,"5":9}}
,"D:\\code\\medi\\medi\\src\\__test__\\fakeData.ts": {"path":"D:\\code\\medi\\medi\\src\\__test__\\fakeData.ts","all":false,"statementMap":{"0":{"start":{"line":1,"column":0},"end":{"line":1,"column":49}},"1":{"start":{"line":2,"column":0},"end":{"line":2,"column":153}},"2":{"start":{"line":3,"column":0},"end":{"line":3,"column":28}},"3":{"start":{"line":4,"column":0},"end":{"line":4,"column":73}},"4":{"start":{"line":5,"column":0},"end":{"line":5,"column":38}},"5":{"start":{"line":6,"column":0},"end":{"line":6,"column":1}},"6":{"start":{"line":7,"column":0},"end":{"line":7,"column":37}},"7":{"start":{"line":8,"column":0},"end":{"line":8,"column":19}},"8":{"start":{"line":9,"column":0},"end":{"line":9,"column":39}},"9":{"start":{"line":10,"column":0},"end":{"line":10,"column":60}},"10":{"start":{"line":11,"column":0},"end":{"line":11,"column":57}},"11":{"start":{"line":12,"column":0},"end":{"line":12,"column":55}},"12":{"start":{"line":13,"column":0},"end":{"line":13,"column":52}},"13":{"start":{"line":14,"column":0},"end":{"line":14,"column":54}},"14":{"start":{"line":15,"column":0},"end":{"line":15,"column":54}},"15":{"start":{"line":16,"column":0},"end":{"line":16,"column":215}},"16":{"start":{"line":17,"column":0},"end":{"line":17,"column":5}},"17":{"start":{"line":18,"column":0},"end":{"line":18,"column":17}},"18":{"start":{"line":19,"column":0},"end":{"line":19,"column":1}},"19":{"start":{"line":20,"column":0},"end":{"line":20,"column":58}},"20":{"start":{"line":21,"column":0},"end":{"line":21,"column":18}},"21":{"start":{"line":22,"column":0},"end":{"line":22,"column":20}},"22":{"start":{"line":23,"column":0},"end":{"line":23,"column":22}},"23":{"start":{"line":24,"column":0},"end":{"line":24,"column":41}},"24":{"start":{"line":25,"column":0},"end":{"line":25,"column":21}},"25":{"start":{"line":26,"column":0},"end":{"line":26,"column":44}},"26":{"start":{"line":27,"column":0},"end":{"line":27,"column":21}},"27":{"start":{"line":28,"column":0},"end":{"line":28,"column":47}},"28":{"start":{"line":29,"column":0},"end":{"line":29,"column":47}},"29":{"start":{"line":30,"column":0},"end":{"line":30,"column":14}},"30":{"start":{"line":31,"column":0},"end":{"line":31,"column":57}},"31":{"start":{"line":32,"column":0},"end":{"line":32,"column":9}},"32":{"start":{"line":33,"column":0},"end":{"line":33,"column":31}},"33":{"start":{"line":34,"column":0},"end":{"line":34,"column":5}},"34":{"start":{"line":35,"column":0},"end":{"line":35,"column":15}},"35":{"start":{"line":36,"column":0},"end":{"line":36,"column":1}}},"s":{"0":1,"1":1,"2":744,"3":744,"4":744,"5":744,"6":248,"7":248,"8":248,"9":248,"10":248,"11":248,"12":248,"13":248,"14":248,"15":248,"16":248,"17":248,"18":248,"19":1,"20":5,"21":5,"22":5,"23":5,"24":248,"25":248,"26":248,"27":248,"28":248,"29":248,"30":248,"31":248,"32":248,"33":248,"34":5,"35":5},"branchMap":{"0":{"type":"branch","line":3,"loc":{"start":{"line":3,"column":0},"end":{"line":6,"column":1}},"locations":[{"start":{"line":3,"column":0},"end":{"line":6,"column":1}}]},"1":{"type":"branch","line":7,"loc":{"start":{"line":7,"column":0},"end":{"line":19,"column":1}},"locations":[{"start":{"line":7,"column":0},"end":{"line":19,"column":1}}]},"2":{"type":"branch","line":20,"loc":{"start":{"line":20,"column":34},"end":{"line":36,"column":1}},"locations":[{"start":{"line":20,"column":34},"end":{"line":36,"column":1}}]},"3":{"type":"branch","line":24,"loc":{"start":{"line":24,"column":40},"end":{"line":34,"column":5}},"locations":[{"start":{"line":24,"column":40},"end":{"line":34,"column":5}}]},"4":{"type":"branch","line":36,"loc":{"start":{"line":36,"column":0},"end":{"line":36,"column":1}},"locations":[{"start":{"line":36,"column":0},"end":{"line":36,"column":1}}]}},"b":{"0":[744],"1":[248],"2":[5],"3":[248],"4":[5]},"fnMap":{"0":{"name":"getRandomLetter","decl":{"start":{"line":3,"column":0},"end":{"line":6,"column":1}},"loc":{"start":{"line":3,"column":0},"end":{"line":6,"column":1}},"line":3},"1":{"name":"generateRandomDateString","decl":{"start":{"line":7,"column":0},"end":{"line":19,"column":1}},"loc":{"start":{"line":7,"column":0},"end":{"line":19,"column":1}},"line":7},"2":{"name":"createFakeResponse","decl":{"start":{"line":20,"column":34},"end":{"line":36,"column":1}},"loc":{"start":{"line":20,"column":34},"end":{"line":36,"column":1}},"line":20},"3":{"name":"get","decl":{"start":{"line":36,"column":0},"end":{"line":36,"column":1}},"loc":{"start":{"line":36,"column":0},"end":{"line":36,"column":1}},"line":36}},"f":{"0":744,"1":248,"2":5,"3":5}}
,"D:\\code\\medi\\medi\\src\\api\\methods.ts": {"path":"D:\\code\\medi\\medi\\src\\api\\methods.ts","all":false,"statementMap":{"0":{"start":{"line":1,"column":0},"end":{"line":1,"column":37}},"1":{"start":{"line":2,"column":0},"end":{"line":2,"column":34}},"2":{"start":{"line":3,"column":0},"end":{"line":3,"column":13}},"3":{"start":{"line":4,"column":0},"end":{"line":4,"column":11}},"4":{"start":{"line":5,"column":0},"end":{"line":5,"column":17}},"5":{"start":{"line":6,"column":0},"end":{"line":6,"column":23}},"6":{"start":{"line":7,"column":0},"end":{"line":7,"column":18}},"7":{"start":{"line":8,"column":0},"end":{"line":8,"column":24}},"8":{"start":{"line":9,"column":0},"end":{"line":9,"column":23}},"9":{"start":{"line":10,"column":0},"end":{"line":10,"column":12}},"10":{"start":{"line":11,"column":0},"end":{"line":11,"column":27}},"11":{"start":{"line":12,"column":0},"end":{"line":12,"column":9}},"12":{"start":{"line":13,"column":0},"end":{"line":13,"column":13}},"13":{"start":{"line":14,"column":0},"end":{"line":14,"column":5}},"14":{"start":{"line":15,"column":0},"end":{"line":15,"column":1}}},"s":{"0":1,"1":1,"2":49,"3":49,"4":49,"5":49,"6":49,"7":49,"8":49,"9":49,"10":49,"11":49,"12":49,"13":49,"14":49},"branchMap":{"0":{"type":"branch","line":2,"loc":{"start":{"line":2,"column":27},"end":{"line":15,"column":1}},"locations":[{"start":{"line":2,"column":27},"end":{"line":15,"column":1}}]},"1":{"type":"branch","line":15,"loc":{"start":{"line":15,"column":0},"end":{"line":15,"column":1}},"locations":[{"start":{"line":15,"column":0},"end":{"line":15,"column":1}}]}},"b":{"0":[49],"1":[49]},"fnMap":{"0":{"name":"createQuery","decl":{"start":{"line":2,"column":27},"end":{"line":15,"column":1}},"loc":{"start":{"line":2,"column":27},"end":{"line":15,"column":1}},"line":2},"1":{"name":"get","decl":{"start":{"line":15,"column":0},"end":{"line":15,"column":1}},"loc":{"start":{"line":15,"column":0},"end":{"line":15,"column":1}},"line":15}},"f":{"0":49,"1":49}}
,"D:\\code\\medi\\medi\\src\\components\\Loading.tsx": {"path":"D:\\code\\medi\\medi\\src\\components\\Loading.tsx","all":false,"statementMap":{"0":{"start":{"line":1,"column":0},"end":{"line":1,"column":59}},"1":{"start":{"line":2,"column":0},"end":{"line":2,"column":26}},"2":{"start":{"line":3,"column":0},"end":{"line":3,"column":162}},"3":{"start":{"line":4,"column":0},"end":{"line":4,"column":0}},"4":{"start":{"line":5,"column":0},"end":{"line":5,"column":5}},"5":{"start":{"line":6,"column":0},"end":{"line":6,"column":10}},"6":{"start":{"line":7,"column":0},"end":{"line":7,"column":19}},"7":{"start":{"line":8,"column":0},"end":{"line":8,"column":5}},"8":{"start":{"line":9,"column":0},"end":{"line":9,"column":1}}},"s":{"0":1,"1":46,"2":13,"3":13,"4":13,"5":33,"6":33,"7":33,"8":46},"branchMap":{"0":{"type":"branch","line":1,"loc":{"start":{"line":1,"column":23},"end":{"line":9,"column":1}},"locations":[{"start":{"line":1,"column":23},"end":{"line":9,"column":1}}]},"1":{"type":"branch","line":2,"loc":{"start":{"line":2,"column":25},"end":{"line":8,"column":5}},"locations":[{"start":{"line":2,"column":25},"end":{"line":8,"column":5}}]},"2":{"type":"branch","line":2,"loc":{"start":{"line":2,"column":25},"end":{"line":5,"column":5}},"locations":[{"start":{"line":2,"column":25},"end":{"line":5,"column":5}}]},"3":{"type":"branch","line":5,"loc":{"start":{"line":5,"column":4},"end":{"line":8,"column":5}},"locations":[{"start":{"line":5,"column":4},"end":{"line":8,"column":5}}]},"4":{"type":"branch","line":9,"loc":{"start":{"line":9,"column":0},"end":{"line":9,"column":1}},"locations":[{"start":{"line":9,"column":0},"end":{"line":9,"column":1}}]}},"b":{"0":[46],"1":[45],"2":[13],"3":[33],"4":[46]},"fnMap":{"0":{"name":"Loading","decl":{"start":{"line":1,"column":23},"end":{"line":9,"column":1}},"loc":{"start":{"line":1,"column":23},"end":{"line":9,"column":1}},"line":1},"1":{"name":"get","decl":{"start":{"line":9,"column":0},"end":{"line":9,"column":1}},"loc":{"start":{"line":9,"column":0},"end":{"line":9,"column":1}},"line":9}},"f":{"0":46,"1":46}}
,"D:\\code\\medi\\medi\\src\\components\\PageBtn.tsx": {"path":"D:\\code\\medi\\medi\\src\\components\\PageBtn.tsx","all":false,"statementMap":{"0":{"start":{"line":1,"column":0},"end":{"line":1,"column":123}},"1":{"start":{"line":2,"column":0},"end":{"line":2,"column":18}},"2":{"start":{"line":3,"column":0},"end":{"line":3,"column":36}},"3":{"start":{"line":4,"column":0},"end":{"line":4,"column":110}},"4":{"start":{"line":5,"column":0},"end":{"line":5,"column":64}},"5":{"start":{"line":6,"column":0},"end":{"line":6,"column":23}},"6":{"start":{"line":7,"column":0},"end":{"line":7,"column":13}},"7":{"start":{"line":8,"column":0},"end":{"line":8,"column":1}}},"s":{"0":1,"1":74,"2":74,"3":74,"4":74,"5":74,"6":74,"7":74},"branchMap":{"0":{"type":"branch","line":1,"loc":{"start":{"line":1,"column":23},"end":{"line":8,"column":1}},"locations":[{"start":{"line":1,"column":23},"end":{"line":8,"column":1}}]},"1":{"type":"branch","line":4,"loc":{"start":{"line":4,"column":68},"end":{"line":4,"column":105}},"locations":[{"start":{"line":4,"column":68},"end":{"line":4,"column":105}}]},"2":{"type":"branch","line":4,"loc":{"start":{"line":4,"column":78},"end":{"line":4,"column":110}},"locations":[{"start":{"line":4,"column":78},"end":{"line":4,"column":110}}]},"3":{"type":"branch","line":5,"loc":{"start":{"line":5,"column":17},"end":{"line":5,"column":64}},"locations":[{"start":{"line":5,"column":17},"end":{"line":5,"column":64}}]},"4":{"type":"branch","line":8,"loc":{"start":{"line":8,"column":0},"end":{"line":8,"column":1}},"locations":[{"start":{"line":8,"column":0},"end":{"line":8,"column":1}}]}},"b":{"0":[74],"1":[49],"2":[25],"3":[2],"4":[74]},"fnMap":{"0":{"name":"PageBtn","decl":{"start":{"line":1,"column":23},"end":{"line":8,"column":1}},"loc":{"start":{"line":1,"column":23},"end":{"line":8,"column":1}},"line":1},"1":{"name":"onClick","decl":{"start":{"line":5,"column":17},"end":{"line":5,"column":64}},"loc":{"start":{"line":5,"column":17},"end":{"line":5,"column":64}},"line":5},"2":{"name":"get","decl":{"start":{"line":8,"column":0},"end":{"line":8,"column":1}},"loc":{"start":{"line":8,"column":0},"end":{"line":8,"column":1}},"line":8}},"f":{"0":74,"1":2,"2":74}}
,"D:\\code\\medi\\medi\\src\\components\\Pagination.tsx": {"path":"D:\\code\\medi\\medi\\src\\components\\Pagination.tsx","all":false,"statementMap":{"0":{"start":{"line":1,"column":0},"end":{"line":1,"column":75}},"1":{"start":{"line":2,"column":0},"end":{"line":2,"column":35}},"2":{"start":{"line":3,"column":0},"end":{"line":3,"column":0}},"3":{"start":{"line":4,"column":0},"end":{"line":4,"column":35}},"4":{"start":{"line":5,"column":0},"end":{"line":5,"column":27}},"5":{"start":{"line":6,"column":0},"end":{"line":6,"column":45}},"6":{"start":{"line":7,"column":0},"end":{"line":7,"column":22}},"7":{"start":{"line":8,"column":0},"end":{"line":8,"column":7}},"8":{"start":{"line":9,"column":0},"end":{"line":9,"column":68}},"9":{"start":{"line":10,"column":0},"end":{"line":10,"column":30}},"10":{"start":{"line":11,"column":0},"end":{"line":11,"column":29}},"11":{"start":{"line":12,"column":0},"end":{"line":12,"column":50}},"12":{"start":{"line":13,"column":0},"end":{"line":13,"column":50}},"13":{"start":{"line":14,"column":0},"end":{"line":14,"column":144}},"14":{"start":{"line":15,"column":0},"end":{"line":15,"column":13}},"15":{"start":{"line":16,"column":0},"end":{"line":16,"column":78}},"16":{"start":{"line":17,"column":0},"end":{"line":17,"column":61}},"17":{"start":{"line":18,"column":0},"end":{"line":18,"column":144}},"18":{"start":{"line":19,"column":0},"end":{"line":19,"column":13}},"19":{"start":{"line":20,"column":0},"end":{"line":20,"column":85}},"20":{"start":{"line":21,"column":0},"end":{"line":21,"column":85}},"21":{"start":{"line":22,"column":0},"end":{"line":22,"column":144}},"22":{"start":{"line":23,"column":0},"end":{"line":23,"column":13}},"23":{"start":{"line":24,"column":0},"end":{"line":24,"column":16}},"24":{"start":{"line":25,"column":0},"end":{"line":25,"column":131}},"25":{"start":{"line":26,"column":0},"end":{"line":26,"column":144}},"26":{"start":{"line":27,"column":0},"end":{"line":27,"column":13}},"27":{"start":{"line":28,"column":0},"end":{"line":28,"column":9}},"28":{"start":{"line":29,"column":0},"end":{"line":29,"column":16}},"29":{"start":{"line":30,"column":0},"end":{"line":30,"column":14}},"30":{"start":{"line":31,"column":0},"end":{"line":31,"column":28}},"31":{"start":{"line":32,"column":0},"end":{"line":32,"column":15}},"32":{"start":{"line":33,"column":0},"end":{"line":33,"column":9}},"33":{"start":{"line":34,"column":0},"end":{"line":34,"column":5}},"34":{"start":{"line":35,"column":0},"end":{"line":35,"column":43}},"35":{"start":{"line":36,"column":0},"end":{"line":36,"column":110}},"36":{"start":{"line":37,"column":0},"end":{"line":37,"column":20}},"37":{"start":{"line":38,"column":0},"end":{"line":38,"column":17}},"38":{"start":{"line":39,"column":0},"end":{"line":39,"column":154}},"39":{"start":{"line":40,"column":0},"end":{"line":40,"column":16}},"40":{"start":{"line":41,"column":0},"end":{"line":41,"column":17}},"41":{"start":{"line":42,"column":0},"end":{"line":42,"column":22}},"42":{"start":{"line":43,"column":0},"end":{"line":43,"column":172}},"43":{"start":{"line":44,"column":0},"end":{"line":44,"column":16}},"44":{"start":{"line":45,"column":0},"end":{"line":45,"column":17}},"45":{"start":{"line":46,"column":0},"end":{"line":46,"column":119}},"46":{"start":{"line":47,"column":0},"end":{"line":47,"column":20}},"47":{"start":{"line":48,"column":0},"end":{"line":48,"column":17}},"48":{"start":{"line":49,"column":0},"end":{"line":49,"column":14}},"49":{"start":{"line":50,"column":0},"end":{"line":50,"column":1}}},"s":{"0":1,"1":1,"2":1,"3":1,"4":48,"5":48,"6":48,"7":48,"8":48,"9":48,"10":48,"11":48,"12":43,"13":47,"14":47,"15":48,"16":2,"17":10,"18":10,"19":5,"20":2,"21":10,"22":10,"23":3,"24":1,"25":5,"26":5,"27":1,"28":48,"29":48,"30":48,"31":48,"32":48,"33":48,"34":48,"35":48,"36":48,"37":48,"38":48,"39":48,"40":48,"41":48,"42":48,"43":48,"44":48,"45":48,"46":48,"47":48,"48":48,"49":48},"branchMap":{"0":{"type":"branch","line":4,"loc":{"start":{"line":4,"column":26},"end":{"line":50,"column":1}},"locations":[{"start":{"line":4,"column":26},"end":{"line":50,"column":1}}]},"1":{"type":"branch","line":10,"loc":{"start":{"line":10,"column":23},"end":{"line":34,"column":5}},"locations":[{"start":{"line":10,"column":23},"end":{"line":34,"column":5}}]},"2":{"type":"branch","line":12,"loc":{"start":{"line":12,"column":49},"end":{"line":16,"column":19}},"locations":[{"start":{"line":12,"column":49},"end":{"line":16,"column":19}}]},"3":{"type":"branch","line":13,"loc":{"start":{"line":13,"column":49},"end":{"line":15,"column":13}},"locations":[{"start":{"line":13,"column":49},"end":{"line":15,"column":13}}]},"4":{"type":"branch","line":16,"loc":{"start":{"line":16,"column":8},"end":{"line":28,"column":9}},"locations":[{"start":{"line":16,"column":8},"end":{"line":28,"column":9}}]},"5":{"type":"branch","line":16,"loc":{"start":{"line":16,"column":68},"end":{"line":20,"column":19}},"locations":[{"start":{"line":16,"column":68},"end":{"line":20,"column":19}}]},"6":{"type":"branch","line":17,"loc":{"start":{"line":17,"column":60},"end":{"line":19,"column":13}},"locations":[{"start":{"line":17,"column":60},"end":{"line":19,"column":13}}]},"7":{"type":"branch","line":20,"loc":{"start":{"line":20,"column":8},"end":{"line":28,"column":9}},"locations":[{"start":{"line":20,"column":8},"end":{"line":28,"column":9}}]},"8":{"type":"branch","line":20,"loc":{"start":{"line":20,"column":77},"end":{"line":24,"column":15}},"locations":[{"start":{"line":20,"column":77},"end":{"line":24,"column":15}}]},"9":{"type":"branch","line":21,"loc":{"start":{"line":21,"column":84},"end":{"line":23,"column":13}},"locations":[{"start":{"line":21,"column":84},"end":{"line":23,"column":13}}]},"10":{"type":"branch","line":24,"loc":{"start":{"line":24,"column":8},"end":{"line":28,"column":9}},"locations":[{"start":{"line":24,"column":8},"end":{"line":28,"column":9}}]},"11":{"type":"branch","line":25,"loc":{"start":{"line":25,"column":130},"end":{"line":27,"column":13}},"locations":[{"start":{"line":25,"column":130},"end":{"line":27,"column":13}}]},"12":{"type":"branch","line":36,"loc":{"start":{"line":36,"column":81},"end":{"line":36,"column":110}},"locations":[{"start":{"line":36,"column":81},"end":{"line":36,"column":110}}]},"13":{"type":"branch","line":39,"loc":{"start":{"line":39,"column":81},"end":{"line":39,"column":154}},"locations":[{"start":{"line":39,"column":81},"end":{"line":39,"column":154}}]},"14":{"type":"branch","line":39,"loc":{"start":{"line":39,"column":125},"end":{"line":39,"column":133}},"locations":[{"start":{"line":39,"column":125},"end":{"line":39,"column":133}}]},"15":{"type":"branch","line":43,"loc":{"start":{"line":43,"column":81},"end":{"line":43,"column":172}},"locations":[{"start":{"line":43,"column":81},"end":{"line":43,"column":172}}]},"16":{"type":"branch","line":43,"loc":{"start":{"line":43,"column":125},"end":{"line":43,"column":151}},"locations":[{"start":{"line":43,"column":125},"end":{"line":43,"column":151}}]},"17":{"type":"branch","line":46,"loc":{"start":{"line":46,"column":81},"end":{"line":46,"column":119}},"locations":[{"start":{"line":46,"column":81},"end":{"line":46,"column":119}}]},"18":{"type":"branch","line":50,"loc":{"start":{"line":50,"column":0},"end":{"line":50,"column":1}},"locations":[{"start":{"line":50,"column":0},"end":{"line":50,"column":1}}]}},"b":{"0":[48],"1":[48],"2":[43],"3":[47],"4":[5],"5":[2],"6":[10],"7":[3],"8":[2],"9":[10],"10":[1],"11":[5],"12":[1],"13":[1],"14":[0],"15":[1],"16":[0],"17":[2],"18":[48]},"fnMap":{"0":{"name":"Pagination","decl":{"start":{"line":4,"column":26},"end":{"line":50,"column":1}},"loc":{"start":{"line":4,"column":26},"end":{"line":50,"column":1}},"line":4},"1":{"name":"renderBtns","decl":{"start":{"line":10,"column":23},"end":{"line":34,"column":5}},"loc":{"start":{"line":10,"column":23},"end":{"line":34,"column":5}},"line":10},"2":{"name":"onClick","decl":{"start":{"line":36,"column":81},"end":{"line":36,"column":110}},"loc":{"start":{"line":36,"column":81},"end":{"line":36,"column":110}},"line":36},"3":{"name":"onClick","decl":{"start":{"line":39,"column":81},"end":{"line":39,"column":154}},"loc":{"start":{"line":39,"column":81},"end":{"line":39,"column":154}},"line":39},"4":{"name":"onClick","decl":{"start":{"line":43,"column":81},"end":{"line":43,"column":172}},"loc":{"start":{"line":43,"column":81},"end":{"line":43,"column":172}},"line":43},"5":{"name":"onClick","decl":{"start":{"line":46,"column":81},"end":{"line":46,"column":119}},"loc":{"start":{"line":46,"column":81},"end":{"line":46,"column":119}},"line":46},"6":{"name":"get","decl":{"start":{"line":50,"column":0},"end":{"line":50,"column":1}},"loc":{"start":{"line":50,"column":0},"end":{"line":50,"column":1}},"line":50}},"f":{"0":48,"1":48,"2":1,"3":1,"4":1,"5":2,"6":48}}
,"D:\\code\\medi\\medi\\src\\components\\SearchForm.tsx": {"path":"D:\\code\\medi\\medi\\src\\components\\SearchForm.tsx","all":false,"statementMap":{"0":{"start":{"line":1,"column":0},"end":{"line":1,"column":33}},"1":{"start":{"line":2,"column":0},"end":{"line":2,"column":50}},"2":{"start":{"line":3,"column":0},"end":{"line":3,"column":123}},"3":{"start":{"line":4,"column":0},"end":{"line":4,"column":59}},"4":{"start":{"line":5,"column":0},"end":{"line":5,"column":68}},"5":{"start":{"line":6,"column":0},"end":{"line":6,"column":31}},"6":{"start":{"line":7,"column":0},"end":{"line":7,"column":18}},"7":{"start":{"line":8,"column":0},"end":{"line":8,"column":18}},"8":{"start":{"line":9,"column":0},"end":{"line":9,"column":16}},"9":{"start":{"line":10,"column":0},"end":{"line":10,"column":29}},"10":{"start":{"line":11,"column":0},"end":{"line":11,"column":6}},"11":{"start":{"line":12,"column":0},"end":{"line":12,"column":86}},"12":{"start":{"line":13,"column":0},"end":{"line":13,"column":26}},"13":{"start":{"line":14,"column":0},"end":{"line":14,"column":27}},"14":{"start":{"line":15,"column":0},"end":{"line":15,"column":5}},"15":{"start":{"line":16,"column":0},"end":{"line":16,"column":87}},"16":{"start":{"line":17,"column":0},"end":{"line":17,"column":26}},"17":{"start":{"line":18,"column":0},"end":{"line":18,"column":40}},"18":{"start":{"line":19,"column":0},"end":{"line":19,"column":32}},"19":{"start":{"line":20,"column":0},"end":{"line":20,"column":5}},"20":{"start":{"line":21,"column":0},"end":{"line":21,"column":0}},"21":{"start":{"line":22,"column":0},"end":{"line":22,"column":86}},"22":{"start":{"line":23,"column":0},"end":{"line":23,"column":34}},"23":{"start":{"line":24,"column":0},"end":{"line":24,"column":72}},"24":{"start":{"line":25,"column":0},"end":{"line":25,"column":5}},"25":{"start":{"line":26,"column":0},"end":{"line":26,"column":80}},"26":{"start":{"line":27,"column":0},"end":{"line":27,"column":34}},"27":{"start":{"line":28,"column":0},"end":{"line":28,"column":51}},"28":{"start":{"line":29,"column":0},"end":{"line":29,"column":5}},"29":{"start":{"line":30,"column":0},"end":{"line":30,"column":32}},"30":{"start":{"line":31,"column":0},"end":{"line":31,"column":78}},"31":{"start":{"line":32,"column":0},"end":{"line":32,"column":38}},"32":{"start":{"line":33,"column":0},"end":{"line":33,"column":63}},"33":{"start":{"line":34,"column":0},"end":{"line":34,"column":9}},"34":{"start":{"line":35,"column":0},"end":{"line":35,"column":46}},"35":{"start":{"line":36,"column":0},"end":{"line":36,"column":90}},"36":{"start":{"line":37,"column":0},"end":{"line":37,"column":5}},"37":{"start":{"line":38,"column":0},"end":{"line":38,"column":12}},"38":{"start":{"line":39,"column":0},"end":{"line":39,"column":0}},"39":{"start":{"line":40,"column":0},"end":{"line":40,"column":62}},"40":{"start":{"line":41,"column":0},"end":{"line":41,"column":57}},"41":{"start":{"line":42,"column":0},"end":{"line":42,"column":47}},"42":{"start":{"line":43,"column":0},"end":{"line":43,"column":185}},"43":{"start":{"line":44,"column":0},"end":{"line":44,"column":49}},"44":{"start":{"line":45,"column":0},"end":{"line":45,"column":36}},"45":{"start":{"line":46,"column":0},"end":{"line":46,"column":29}},"46":{"start":{"line":47,"column":0},"end":{"line":47,"column":48}},"47":{"start":{"line":48,"column":0},"end":{"line":48,"column":35}},"48":{"start":{"line":49,"column":0},"end":{"line":49,"column":29}},"49":{"start":{"line":50,"column":0},"end":{"line":50,"column":48}},"50":{"start":{"line":51,"column":0},"end":{"line":51,"column":35}},"51":{"start":{"line":52,"column":0},"end":{"line":52,"column":29}},"52":{"start":{"line":53,"column":0},"end":{"line":53,"column":25}},"53":{"start":{"line":54,"column":0},"end":{"line":54,"column":219}},"54":{"start":{"line":55,"column":0},"end":{"line":55,"column":18}},"55":{"start":{"line":56,"column":0},"end":{"line":56,"column":45}},"56":{"start":{"line":57,"column":0},"end":{"line":57,"column":109}},"57":{"start":{"line":58,"column":0},"end":{"line":58,"column":250}},"58":{"start":{"line":59,"column":0},"end":{"line":59,"column":48}},"59":{"start":{"line":60,"column":0},"end":{"line":60,"column":24}},"60":{"start":{"line":61,"column":0},"end":{"line":61,"column":68}},"61":{"start":{"line":62,"column":0},"end":{"line":62,"column":43}},"62":{"start":{"line":63,"column":0},"end":{"line":63,"column":229}},"63":{"start":{"line":64,"column":0},"end":{"line":64,"column":22}},"64":{"start":{"line":65,"column":0},"end":{"line":65,"column":68}},"65":{"start":{"line":66,"column":0},"end":{"line":66,"column":41}},"66":{"start":{"line":67,"column":0},"end":{"line":67,"column":223}},"67":{"start":{"line":68,"column":0},"end":{"line":68,"column":22}},"68":{"start":{"line":69,"column":0},"end":{"line":69,"column":18}},"69":{"start":{"line":70,"column":0},"end":{"line":70,"column":46}},"70":{"start":{"line":71,"column":0},"end":{"line":71,"column":134}},"71":{"start":{"line":72,"column":0},"end":{"line":72,"column":26}},"72":{"start":{"line":73,"column":0},"end":{"line":73,"column":25}},"73":{"start":{"line":74,"column":0},"end":{"line":74,"column":131}},"74":{"start":{"line":75,"column":0},"end":{"line":75,"column":32}},"75":{"start":{"line":76,"column":0},"end":{"line":76,"column":25}},"76":{"start":{"line":77,"column":0},"end":{"line":77,"column":18}},"77":{"start":{"line":78,"column":0},"end":{"line":78,"column":16}},"78":{"start":{"line":79,"column":0},"end":{"line":79,"column":5}},"79":{"start":{"line":80,"column":0},"end":{"line":80,"column":1}}},"s":{"0":1,"1":1,"2":1,"3":48,"4":48,"5":48,"6":48,"7":48,"8":48,"9":48,"10":48,"11":48,"12":2,"13":2,"14":2,"15":48,"16":3,"17":3,"18":3,"19":3,"20":48,"21":48,"22":0,"23":0,"24":0,"25":48,"26":1,"27":1,"28":1,"29":48,"30":48,"31":2,"32":2,"33":2,"34":48,"35":1,"36":1,"37":48,"38":48,"39":48,"40":48,"41":48,"42":48,"43":48,"44":48,"45":48,"46":48,"47":48,"48":48,"49":48,"50":48,"51":48,"52":48,"53":48,"54":48,"55":48,"56":48,"57":48,"58":48,"59":48,"60":48,"61":48,"62":48,"63":48,"64":48,"65":48,"66":48,"67":48,"68":48,"69":48,"70":48,"71":48,"72":48,"73":48,"74":48,"75":48,"76":48,"77":48,"78":48,"79":44},"branchMap":{"0":{"type":"branch","line":3,"loc":{"start":{"line":3,"column":26},"end":{"line":80,"column":1}},"locations":[{"start":{"line":3,"column":26},"end":{"line":80,"column":1}}]},"1":{"type":"branch","line":12,"loc":{"start":{"line":12,"column":29},"end":{"line":15,"column":5}},"locations":[{"start":{"line":12,"column":29},"end":{"line":15,"column":5}}]},"2":{"type":"branch","line":16,"loc":{"start":{"line":16,"column":30},"end":{"line":20,"column":5}},"locations":[{"start":{"line":16,"column":30},"end":{"line":20,"column":5}}]},"3":{"type":"branch","line":26,"loc":{"start":{"line":26,"column":35},"end":{"line":29,"column":5}},"locations":[{"start":{"line":26,"column":35},"end":{"line":29,"column":5}}]},"4":{"type":"branch","line":31,"loc":{"start":{"line":31,"column":10},"end":{"line":34,"column":9}},"locations":[{"start":{"line":31,"column":10},"end":{"line":34,"column":9}}]},"5":{"type":"branch","line":35,"loc":{"start":{"line":35,"column":39},"end":{"line":37,"column":5}},"locations":[{"start":{"line":35,"column":39},"end":{"line":37,"column":5}}]},"6":{"type":"branch","line":54,"loc":{"start":{"line":54,"column":185},"end":{"line":54,"column":217}},"locations":[{"start":{"line":54,"column":185},"end":{"line":54,"column":217}}]},"7":{"type":"branch","line":58,"loc":{"start":{"line":58,"column":212},"end":{"line":58,"column":248}},"locations":[{"start":{"line":58,"column":212},"end":{"line":58,"column":248}}]},"8":{"type":"branch","line":63,"loc":{"start":{"line":63,"column":186},"end":{"line":63,"column":227}},"locations":[{"start":{"line":63,"column":186},"end":{"line":63,"column":227}}]},"9":{"type":"branch","line":67,"loc":{"start":{"line":67,"column":182},"end":{"line":67,"column":221}},"locations":[{"start":{"line":67,"column":182},"end":{"line":67,"column":221}}]},"10":{"type":"branch","line":71,"loc":{"start":{"line":71,"column":105},"end":{"line":71,"column":134}},"locations":[{"start":{"line":71,"column":105},"end":{"line":71,"column":134}}]},"11":{"type":"branch","line":74,"loc":{"start":{"line":74,"column":103},"end":{"line":74,"column":131}},"locations":[{"start":{"line":74,"column":103},"end":{"line":74,"column":131}}]},"12":{"type":"branch","line":80,"loc":{"start":{"line":80,"column":0},"end":{"line":80,"column":1}},"locations":[{"start":{"line":80,"column":0},"end":{"line":80,"column":1}}]}},"b":{"0":[48],"1":[2],"2":[3],"3":[1],"4":[2],"5":[1],"6":[1],"7":[1],"8":[1],"9":[1],"10":[3],"11":[2],"12":[44]},"fnMap":{"0":{"name":"SearchForm","decl":{"start":{"line":3,"column":26},"end":{"line":80,"column":1}},"loc":{"start":{"line":3,"column":26},"end":{"line":80,"column":1}},"line":3},"1":{"name":"handleClickClear","decl":{"start":{"line":12,"column":29},"end":{"line":15,"column":5}},"loc":{"start":{"line":12,"column":29},"end":{"line":15,"column":5}},"line":12},"2":{"name":"handleClickSubmit","decl":{"start":{"line":16,"column":30},"end":{"line":20,"column":5}},"loc":{"start":{"line":16,"column":30},"end":{"line":20,"column":5}},"line":16},"3":{"name":"handleChangeSearchSelection","decl":{"start":{"line":22,"column":40},"end":{"line":25,"column":5}},"loc":{"start":{"line":22,"column":40},"end":{"line":25,"column":5}},"line":22},"4":{"name":"handleChangeSearchText","decl":{"start":{"line":26,"column":35},"end":{"line":29,"column":5}},"loc":{"start":{"line":26,"column":35},"end":{"line":29,"column":5}},"line":26},"5":{"name":"handleChangeSearchDate","decl":{"start":{"line":31,"column":10},"end":{"line":34,"column":9}},"loc":{"start":{"line":31,"column":10},"end":{"line":34,"column":9}},"line":31},"6":{"name":"handleChangeIsSearchByDate","decl":{"start":{"line":35,"column":39},"end":{"line":37,"column":5}},"loc":{"start":{"line":35,"column":39},"end":{"line":37,"column":5}},"line":35},"7":{"name":"onChange","decl":{"start":{"line":43,"column":148},"end":{"line":43,"column":185}},"loc":{"start":{"line":43,"column":148},"end":{"line":43,"column":185}},"line":43},"8":{"name":"onChange","decl":{"start":{"line":54,"column":185},"end":{"line":54,"column":217}},"loc":{"start":{"line":54,"column":185},"end":{"line":54,"column":217}},"line":54},"9":{"name":"onChange","decl":{"start":{"line":58,"column":212},"end":{"line":58,"column":248}},"loc":{"start":{"line":58,"column":212},"end":{"line":58,"column":248}},"line":58},"10":{"name":"onChange","decl":{"start":{"line":63,"column":186},"end":{"line":63,"column":227}},"loc":{"start":{"line":63,"column":186},"end":{"line":63,"column":227}},"line":63},"11":{"name":"onChange","decl":{"start":{"line":67,"column":182},"end":{"line":67,"column":221}},"loc":{"start":{"line":67,"column":182},"end":{"line":67,"column":221}},"line":67},"12":{"name":"onClick","decl":{"start":{"line":71,"column":105},"end":{"line":71,"column":134}},"loc":{"start":{"line":71,"column":105},"end":{"line":71,"column":134}},"line":71},"13":{"name":"onClick","decl":{"start":{"line":74,"column":103},"end":{"line":74,"column":131}},"loc":{"start":{"line":74,"column":103},"end":{"line":74,"column":131}},"line":74},"14":{"name":"get","decl":{"start":{"line":80,"column":0},"end":{"line":80,"column":1}},"loc":{"start":{"line":80,"column":0},"end":{"line":80,"column":1}},"line":80}},"f":{"0":48,"1":2,"2":3,"3":0,"4":1,"5":2,"6":1,"7":0,"8":1,"9":1,"10":1,"11":1,"12":3,"13":2,"14":44}}
,"D:\\code\\medi\\medi\\src\\components\\SortSign.tsx": {"path":"D:\\code\\medi\\medi\\src\\components\\SortSign.tsx","all":false,"statementMap":{"0":{"start":{"line":1,"column":0},"end":{"line":1,"column":36}},"1":{"start":{"line":2,"column":0},"end":{"line":2,"column":0}},"2":{"start":{"line":3,"column":0},"end":{"line":3,"column":58}},"3":{"start":{"line":4,"column":0},"end":{"line":4,"column":27}},"4":{"start":{"line":5,"column":0},"end":{"line":5,"column":133}},"5":{"start":{"line":6,"column":0},"end":{"line":6,"column":39}},"6":{"start":{"line":7,"column":0},"end":{"line":7,"column":11}},"7":{"start":{"line":8,"column":0},"end":{"line":8,"column":1}}},"s":{"0":1,"1":1,"2":1,"3":179,"4":179,"5":179,"6":179,"7":179},"branchMap":{"0":{"type":"branch","line":3,"loc":{"start":{"line":3,"column":24},"end":{"line":8,"column":1}},"locations":[{"start":{"line":3,"column":24},"end":{"line":8,"column":1}}]},"1":{"type":"branch","line":5,"loc":{"start":{"line":5,"column":73},"end":{"line":5,"column":93}},"locations":[{"start":{"line":5,"column":73},"end":{"line":5,"column":93}}]},"2":{"type":"branch","line":5,"loc":{"start":{"line":5,"column":82},"end":{"line":5,"column":99}},"locations":[{"start":{"line":5,"column":82},"end":{"line":5,"column":99}}]},"3":{"type":"branch","line":5,"loc":{"start":{"line":5,"column":109},"end":{"line":5,"column":127}},"locations":[{"start":{"line":5,"column":109},"end":{"line":5,"column":127}}]},"4":{"type":"branch","line":5,"loc":{"start":{"line":5,"column":117},"end":{"line":5,"column":133}},"locations":[{"start":{"line":5,"column":117},"end":{"line":5,"column":133}}]},"5":{"type":"branch","line":6,"loc":{"start":{"line":6,"column":19},"end":{"line":6,"column":35}},"locations":[{"start":{"line":6,"column":19},"end":{"line":6,"column":35}}]},"6":{"type":"branch","line":6,"loc":{"start":{"line":6,"column":28},"end":{"line":6,"column":39}},"locations":[{"start":{"line":6,"column":28},"end":{"line":6,"column":39}}]},"7":{"type":"branch","line":8,"loc":{"start":{"line":8,"column":0},"end":{"line":8,"column":1}},"locations":[{"start":{"line":8,"column":0},"end":{"line":8,"column":1}}]}},"b":{"0":[179],"1":[167],"2":[12],"3":[7],"4":[172],"5":[167],"6":[12],"7":[179]},"fnMap":{"0":{"name":"SortSign","decl":{"start":{"line":3,"column":24},"end":{"line":8,"column":1}},"loc":{"start":{"line":3,"column":24},"end":{"line":8,"column":1}},"line":3},"1":{"name":"get","decl":{"start":{"line":8,"column":0},"end":{"line":8,"column":1}},"loc":{"start":{"line":8,"column":0},"end":{"line":8,"column":1}},"line":8}},"f":{"0":179,"1":179}}
,"D:\\code\\medi\\medi\\src\\components\\Table.tsx": {"path":"D:\\code\\medi\\medi\\src\\components\\Table.tsx","all":false,"statementMap":{"0":{"start":{"line":1,"column":0},"end":{"line":1,"column":39}},"1":{"start":{"line":2,"column":0},"end":{"line":2,"column":33}},"2":{"start":{"line":3,"column":0},"end":{"line":3,"column":0}},"3":{"start":{"line":4,"column":0},"end":{"line":4,"column":82}},"4":{"start":{"line":5,"column":0},"end":{"line":5,"column":55}},"5":{"start":{"line":6,"column":0},"end":{"line":6,"column":32}},"6":{"start":{"line":7,"column":0},"end":{"line":7,"column":60}},"7":{"start":{"line":8,"column":0},"end":{"line":8,"column":19}},"8":{"start":{"line":9,"column":0},"end":{"line":9,"column":14}},"9":{"start":{"line":10,"column":0},"end":{"line":10,"column":5}},"10":{"start":{"line":11,"column":0},"end":{"line":11,"column":58}},"11":{"start":{"line":12,"column":0},"end":{"line":12,"column":122}},"12":{"start":{"line":13,"column":0},"end":{"line":13,"column":57}},"13":{"start":{"line":14,"column":0},"end":{"line":14,"column":42}},"14":{"start":{"line":15,"column":0},"end":{"line":15,"column":44}},"15":{"start":{"line":16,"column":0},"end":{"line":16,"column":5}},"16":{"start":{"line":17,"column":0},"end":{"line":17,"column":14}},"17":{"start":{"line":18,"column":0},"end":{"line":18,"column":29}},"18":{"start":{"line":19,"column":0},"end":{"line":19,"column":73}},"19":{"start":{"line":20,"column":0},"end":{"line":20,"column":69}},"20":{"start":{"line":21,"column":0},"end":{"line":21,"column":48}},"21":{"start":{"line":22,"column":0},"end":{"line":22,"column":23}},"22":{"start":{"line":23,"column":0},"end":{"line":23,"column":68}},"23":{"start":{"line":24,"column":0},"end":{"line":24,"column":47}},"24":{"start":{"line":25,"column":0},"end":{"line":25,"column":23}},"25":{"start":{"line":26,"column":0},"end":{"line":26,"column":68}},"26":{"start":{"line":27,"column":0},"end":{"line":27,"column":47}},"27":{"start":{"line":28,"column":0},"end":{"line":28,"column":23}},"28":{"start":{"line":29,"column":0},"end":{"line":29,"column":75}},"29":{"start":{"line":30,"column":0},"end":{"line":30,"column":65}},"30":{"start":{"line":31,"column":0},"end":{"line":31,"column":23}},"31":{"start":{"line":32,"column":0},"end":{"line":32,"column":18}},"32":{"start":{"line":33,"column":0},"end":{"line":33,"column":10}},"33":{"start":{"line":34,"column":0},"end":{"line":34,"column":8}},"34":{"start":{"line":35,"column":0},"end":{"line":35,"column":1}}},"s":{"0":1,"1":1,"2":1,"3":1,"4":47,"5":47,"6":18,"7":18,"8":18,"9":18,"10":28,"11":47,"12":47,"13":47,"14":405,"15":405,"16":47,"17":47,"18":405,"19":405,"20":405,"21":405,"22":405,"23":405,"24":405,"25":405,"26":405,"27":405,"28":405,"29":405,"30":405,"31":405,"32":47,"33":47,"34":46},"branchMap":{"0":{"type":"branch","line":4,"loc":{"start":{"line":4,"column":21},"end":{"line":35,"column":1}},"locations":[{"start":{"line":4,"column":21},"end":{"line":35,"column":1}}]},"1":{"type":"branch","line":6,"loc":{"start":{"line":6,"column":31},"end":{"line":12,"column":74}},"locations":[{"start":{"line":6,"column":31},"end":{"line":12,"column":74}}]},"2":{"type":"branch","line":6,"loc":{"start":{"line":6,"column":31},"end":{"line":10,"column":5}},"locations":[{"start":{"line":6,"column":31},"end":{"line":10,"column":5}}]},"3":{"type":"branch","line":10,"loc":{"start":{"line":10,"column":4},"end":{"line":12,"column":74}},"locations":[{"start":{"line":10,"column":4},"end":{"line":12,"column":74}}]},"4":{"type":"branch","line":12,"loc":{"start":{"line":12,"column":64},"end":{"line":12,"column":107}},"locations":[{"start":{"line":12,"column":64},"end":{"line":12,"column":107}}]},"5":{"type":"branch","line":12,"loc":{"start":{"line":12,"column":91},"end":{"line":12,"column":122}},"locations":[{"start":{"line":12,"column":91},"end":{"line":12,"column":122}}]},"6":{"type":"branch","line":14,"loc":{"start":{"line":14,"column":23},"end":{"line":16,"column":5}},"locations":[{"start":{"line":14,"column":23},"end":{"line":16,"column":5}}]},"7":{"type":"branch","line":18,"loc":{"start":{"line":18,"column":21},"end":{"line":32,"column":18}},"locations":[{"start":{"line":18,"column":21},"end":{"line":32,"column":18}}]},"8":{"type":"branch","line":21,"loc":{"start":{"line":21,"column":25},"end":{"line":21,"column":48}},"locations":[{"start":{"line":21,"column":25},"end":{"line":21,"column":48}}]},"9":{"type":"branch","line":24,"loc":{"start":{"line":24,"column":25},"end":{"line":24,"column":47}},"locations":[{"start":{"line":24,"column":25},"end":{"line":24,"column":47}}]},"10":{"type":"branch","line":27,"loc":{"start":{"line":27,"column":25},"end":{"line":27,"column":47}},"locations":[{"start":{"line":27,"column":25},"end":{"line":27,"column":47}}]},"11":{"type":"branch","line":30,"loc":{"start":{"line":30,"column":53},"end":{"line":30,"column":65}},"locations":[{"start":{"line":30,"column":53},"end":{"line":30,"column":65}}]},"12":{"type":"branch","line":35,"loc":{"start":{"line":35,"column":0},"end":{"line":35,"column":1}},"locations":[{"start":{"line":35,"column":0},"end":{"line":35,"column":1}}]}},"b":{"0":[47],"1":[45],"2":[18],"3":[28],"4":[2],"5":[26],"6":[405],"7":[405],"8":[0],"9":[0],"10":[0],"11":[0],"12":[46]},"fnMap":{"0":{"name":"Table","decl":{"start":{"line":4,"column":21},"end":{"line":35,"column":1}},"loc":{"start":{"line":4,"column":21},"end":{"line":35,"column":1}},"line":4},"1":{"name":"timeToDate","decl":{"start":{"line":14,"column":23},"end":{"line":16,"column":5}},"loc":{"start":{"line":14,"column":23},"end":{"line":16,"column":5}},"line":14},"2":{"name":"get","decl":{"start":{"line":35,"column":0},"end":{"line":35,"column":1}},"loc":{"start":{"line":35,"column":0},"end":{"line":35,"column":1}},"line":35}},"f":{"0":47,"1":405,"2":46}}
,"D:\\code\\medi\\medi\\src\\const\\index.ts": {"path":"D:\\code\\medi\\medi\\src\\const\\index.ts","all":false,"statementMap":{"0":{"start":{"line":1,"column":0},"end":{"line":1,"column":70}},"1":{"start":{"line":2,"column":0},"end":{"line":2,"column":30}},"2":{"start":{"line":3,"column":0},"end":{"line":3,"column":42}},"3":{"start":{"line":4,"column":0},"end":{"line":4,"column":70}}},"s":{"0":1,"1":1,"2":1,"3":1},"branchMap":{"0":{"type":"branch","line":2,"loc":{"start":{"line":2,"column":28},"end":{"line":2,"column":30}},"locations":[{"start":{"line":2,"column":28},"end":{"line":2,"column":30}}]},"1":{"type":"branch","line":3,"loc":{"start":{"line":3,"column":41},"end":{"line":3,"column":42}},"locations":[{"start":{"line":3,"column":41},"end":{"line":3,"column":42}}]},"2":{"type":"branch","line":4,"loc":{"start":{"line":4,"column":69},"end":{"line":4,"column":70}},"locations":[{"start":{"line":4,"column":69},"end":{"line":4,"column":70}}]}},"b":{"0":[105],"1":[15],"2":[68]},"fnMap":{"0":{"name":"get","decl":{"start":{"line":1,"column":27},"end":{"line":1,"column":70}},"loc":{"start":{"line":1,"column":27},"end":{"line":1,"column":70}},"line":1},"1":{"name":"get","decl":{"start":{"line":2,"column":28},"end":{"line":2,"column":30}},"loc":{"start":{"line":2,"column":28},"end":{"line":2,"column":30}},"line":2},"2":{"name":"get","decl":{"start":{"line":3,"column":41},"end":{"line":3,"column":42}},"loc":{"start":{"line":3,"column":41},"end":{"line":3,"column":42}},"line":3},"3":{"name":"get","decl":{"start":{"line":4,"column":69},"end":{"line":4,"column":70}},"loc":{"start":{"line":4,"column":69},"end":{"line":4,"column":70}},"line":4}},"f":{"0":0,"1":105,"2":15,"3":68}}
}
